# JRE version: Java(TM) SE Runtime Environment (10.0.1+10) (build 10.0.1+10)
# Java VM: Java HotSpot(TM) 64-Bit Server VM (10.0.1+10, mixed mode, tiered, compressed oops, g1 gc, windows-amd64)
Heap:
 garbage-first heap   total 131072K, used 50169K [0x0000000081e00000, 0x0000000100000000)
  region size 1024K, 48 young (49152K), 2 survivors (2048K)
 Metaspace       used 19927K, capacity 20483K, committed 20736K, reserved 1067008K
  class space    used 1953K, capacity 2200K, committed 2304K, reserved 1048576K
GC Heap History (10 events):
Event: 16.384 GC heap before
{Heap before GC invocations=1 (full 0):
 garbage-first heap   total 131072K, used 11226K [0x0000000081e00000, 0x0000000100000000)
  region size 1024K, 10 young (10240K), 2 survivors (2048K)
 Metaspace       used 18685K, capacity 19193K, committed 19584K, reserved 1067008K
  class space    used 1901K, capacity 2138K, committed 2176K, reserved 1048576K
}
Event: 16.388 GC heap after
{Heap after GC invocations=2 (full 0):
 garbage-first heap   total 131072K, used 3746K [0x0000000081e00000, 0x0000000100000000)
  region size 1024K, 1 young (1024K), 1 survivors (1024K)
 Metaspace       used 18685K, capacity 19193K, committed 19584K, reserved 1067008K
  class space    used 1901K, capacity 2138K, committed 2176K, reserved 1048576K
}
Event: 43.199 GC heap before
{Heap before GC invocations=2 (full 0):
 garbage-first heap   total 131072K, used 30370K [0x0000000081e00000, 0x0000000100000000)
  region size 1024K, 27 young (27648K), 1 survivors (1024K)
 Metaspace       used 19178K, capacity 19704K, committed 19968K, reserved 1067008K
  class space    used 1936K, capacity 2181K, committed 2304K, reserved 1048576K
}
Event: 43.200 GC heap after
{Heap after GC invocations=3 (full 0):
 garbage-first heap   total 131072K, used 4029K [0x0000000081e00000, 0x0000000100000000)
  region size 1024K, 1 young (1024K), 1 survivors (1024K)
 Metaspace       used 19178K, capacity 19704K, committed 19968K, reserved 1067008K
  class space    used 1936K, capacity 2181K, committed 2304K, reserved 1048576K
}
Event: 70.572 GC heap before
{Heap before GC invocations=3 (full 0):
 garbage-first heap   total 131072K, used 47037K [0x0000000081e00000, 0x0000000100000000)
  region size 1024K, 43 young (44032K), 1 survivors (1024K)
 Metaspace       used 19730K, capacity 20276K, committed 20736K, reserved 1067008K
  class space    used 1949K, capacity 2199K, committed 2304K, reserved 1048576K
}
Event: 70.575 GC heap after
{Heap after GC invocations=4 (full 0):
 garbage-first heap   total 131072K, used 3942K [0x0000000081e00000, 0x0000000100000000)
  region size 1024K, 1 young (1024K), 1 survivors (1024K)
 Metaspace       used 19730K, capacity 20276K, committed 20736K, reserved 1067008K
  class space    used 1949K, capacity 2199K, committed 2304K, reserved 1048576K
}
Event: 148.132 GC heap before
{Heap before GC invocations=4 (full 0):
 garbage-first heap   total 131072K, used 64358K [0x0000000081e00000, 0x0000000100000000)
  region size 1024K, 60 young (61440K), 1 survivors (1024K)
 Metaspace       used 19821K, capacity 20355K, committed 20736K, reserved 1067008K
  class space    used 1953K, capacity 2200K, committed 2304K, reserved 1048576K
}
Event: 148.134 GC heap after
{Heap after GC invocations=5 (full 0):
 garbage-first heap   total 131072K, used 4007K [0x0000000081e00000, 0x0000000100000000)
  region size 1024K, 1 young (1024K), 1 survivors (1024K)
 Metaspace       used 19821K, capacity 20355K, committed 20736K, reserved 1067008K
  class space    used 1953K, capacity 2200K, committed 2304K, reserved 1048576K
}
Event: 191.063 GC heap before
{Heap before GC invocations=5 (full 0):
 garbage-first heap   total 131072K, used 76711K [0x0000000081e00000, 0x0000000100000000)
  region size 1024K, 72 young (73728K), 1 survivors (1024K)
 Metaspace       used 19874K, capacity 20419K, committed 20736K, reserved 1067008K
  class space    used 1953K, capacity 2200K, committed 2304K, reserved 1048576K
}
Event: 191.065 GC heap after
{Heap after GC invocations=6 (full 0):
 garbage-first heap   total 131072K, used 4089K [0x0000000081e00000, 0x0000000100000000)
  region size 1024K, 2 young (2048K), 2 survivors (2048K)
 Metaspace       used 19874K, capacity 20419K, committed 20736K, reserved 1067008K
  class space    used 1953K, capacity 2200K, committed 2304K, reserved 1048576K
}

