# JRE version: Java(TM) SE Runtime Environment (10.0.1+10) (build 10.0.1+10)
# Java VM: Java HotSpot(TM) 64-Bit Server VM (10.0.1+10, mixed mode, tiered, compressed oops, g1 gc, windows-amd64)
Heap:
 garbage-first heap   total 131072K, used 18391K [0x0000000081e00000, 0x0000000100000000)
  region size 1024K, 16 young (16384K), 1 survivors (1024K)
 Metaspace       used 19473K, capacity 20024K, committed 20480K, reserved 1067008K
  class space    used 1947K, capacity 2199K, committed 2304K, reserved 1048576K
GC Heap History (6 events):
Event: 1.361 GC heap before
{Heap before GC invocations=0 (full 0):
 garbage-first heap   total 131072K, used 14336K [0x0000000081e00000, 0x0000000100000000)
  region size 1024K, 14 young (14336K), 0 survivors (0K)
 Metaspace       used 16784K, capacity 17226K, committed 17408K, reserved 1064960K
  class space    used 1791K, capacity 1994K, committed 2048K, reserved 1048576K
}
Event: 1.366 GC heap after
{Heap after GC invocations=1 (full 0):
 garbage-first heap   total 131072K, used 3064K [0x0000000081e00000, 0x0000000100000000)
  region size 1024K, 2 young (2048K), 2 survivors (2048K)
 Metaspace       used 16784K, capacity 17226K, committed 17408K, reserved 1064960K
  class space    used 1791K, capacity 1994K, committed 2048K, reserved 1048576K
}
Event: 10.175 GC heap before
{Heap before GC invocations=1 (full 0):
 garbage-first heap   total 131072K, used 10232K [0x0000000081e00000, 0x0000000100000000)
  region size 1024K, 9 young (9216K), 2 survivors (2048K)
 Metaspace       used 18842K, capacity 19382K, committed 19712K, reserved 1067008K
  class space    used 1935K, capacity 2181K, committed 2304K, reserved 1048576K
}
Event: 10.181 GC heap after
{Heap after GC invocations=2 (full 0):
 garbage-first heap   total 131072K, used 4224K [0x0000000081e00000, 0x0000000100000000)
  region size 1024K, 2 young (2048K), 2 survivors (2048K)
 Metaspace       used 18842K, capacity 19382K, committed 19712K, reserved 1067008K
  class space    used 1935K, capacity 2181K, committed 2304K, reserved 1048576K
}
Event: 13.119 GC heap before
{Heap before GC invocations=2 (full 0):
 garbage-first heap   total 131072K, used 30848K [0x0000000081e00000, 0x0000000100000000)
  region size 1024K, 28 young (28672K), 2 survivors (2048K)
 Metaspace       used 19023K, capacity 19575K, committed 19968K, reserved 1067008K
  class space    used 1935K, capacity 2181K, committed 2304K, reserved 1048576K
}
Event: 13.121 GC heap after
{Heap after GC invocations=3 (full 0):
 garbage-first heap   total 131072K, used 4055K [0x0000000081e00000, 0x0000000100000000)
  region size 1024K, 1 young (1024K), 1 survivors (1024K)
 Metaspace       used 19023K, capacity 19575K, committed 19968K, reserved 1067008K
  class space    used 1935K, capacity 2181K, committed 2304K, reserved 1048576K
}

